0 info it worked if it ends with ok
1 verbose cli [ '/usr/bin/node',
1 verbose cli   '/usr/bin/npm',
1 verbose cli   'run',
1 verbose cli   'lint',
1 verbose cli   '--',
1 verbose cli   '-f',
1 verbose cli   'compact',
1 verbose cli   'sketch.js' ]
2 info using npm@3.10.10
3 info using node@v6.14.2
4 verbose stack Error: ENOENT: no such file or directory, open '/mnt/c/Users/Alex/dev/projects/DEFAULT_Project/public/p5js/package.json'
4 verbose stack     at Error (native)
5 verbose cwd /mnt/c/Users/Alex/dev/projects/DEFAULT_Project/public/p5js
6 error Linux 4.4.0-17134-Microsoft
7 error argv "/usr/bin/node" "/usr/bin/npm" "run" "lint" "--" "-f" "compact" "sketch.js"
8 error node v6.14.2
9 error npm  v3.10.10
10 error path /mnt/c/Users/Alex/dev/projects/DEFAULT_Project/public/p5js/package.json
11 error code ENOENT
12 error errno -2
13 error syscall open
14 error enoent ENOENT: no such file or directory, open '/mnt/c/Users/Alex/dev/projects/DEFAULT_Project/public/p5js/package.json'
15 error enoent ENOENT: no such file or directory, open '/mnt/c/Users/Alex/dev/projects/DEFAULT_Project/public/p5js/package.json'
15 error enoent This is most likely not a problem with npm itself
15 error enoent and is related to npm not being able to find a file.
16 verbose exit [ -2, true ]
